Arguments: 
  C:\Program Files\nodejs\node.exe C:\Program Files (x86)\Yarn\bin\yarn.js

PATH: 
  E:\www\wangyi-electron-app\node_modules\.bin;C:\Program Files (x86)\Common Files\Oracle\Java\javapath;C:\Program Files (x86)\Intel\Intel(R) Management Engine Components\iCLS\;C:\Program Files\Intel\Intel(R) Management Engine Components\iCLS\;C:\Windows\system32;C:\Windows;C:\Windows\System32\Wbem;C:\Windows\System32\WindowsPowerShell\v1.0\;C:\Windows\System32\OpenSSH\;C:\Program Files (x86)\Intel\Intel(R) Management Engine Components\DAL;C:\Program Files\Intel\Intel(R) Management Engine Components\DAL;C:\Program Files (x86)\Intel\Intel(R) Management Engine Components\IPT;C:\Program Files\Intel\Intel(R) Management Engine Components\IPT;C:\Program Files (x86)\NVIDIA Corporation\PhysX\Common;D:\flutter\bin;D:\java\jdk1.8.0_221\bin;D:\java\jdk1.8.0_221\jre\bin;C:\Program Files\nodejs\;D:\git\Git\cmd;C:\Program Files\TortoiseSVN\bin;C:\Program Files\Intel\WiFi\bin\;C:\Program Files\Common Files\Intel\WirelessCommon\;C:\Users\z7592\AppData\Local\Android\Sdk\platform-tools;C:\Users\z7592\AppData\Local\Android\Sdk\tools;C:\Program Files (x86)\Yarn\bin\;C:\Program Files (x86)\Yarn\bin;D:\apache-tomcat-9.0.24\bin;C:\Users\z7592\AppData\Local\Android\Sdk\build-tools\29.0.2;C:\Windows\system32;C:\Windows;C:\Windows\System32\Wbem;C:\Windows\System32\WindowsPowerShell\v1.0\;C:\Windows\System32\OpenSSH\;D:\Go\bin;D:\xampp\php;C:\Users\z7592\AppData\Local\Microsoft\WindowsApps;D:\flutter\bin;C:\Users\z7592\AppData\Roaming\npm;C:\Users\z7592\AppData\Local\Yarn\bin;C:\Program Files (x86)\Yarn\bin;D:\Microsoft VS Code\bin;D:\Fiddler;C:\Users\z7592\AppData\Local\Programs\Python\Python37-32;D:\WebStorm\WebStorm 2019.3.2\bin;;C:\Users\z7592\go\bin;D:\mongodb\bin;

Yarn version: 
  1.17.3

Node version: 
  10.16.0

Platform: 
  win32 x64

Trace: 
  SyntaxError: E:\www\wangyi-electron-app\package.json: Unexpected token } in JSON at position 1693
      at JSON.parse (<anonymous>)
      at C:\Program Files (x86)\Yarn\lib\cli.js:1625:59
      at Generator.next (<anonymous>)
      at step (C:\Program Files (x86)\Yarn\lib\cli.js:304:30)
      at C:\Program Files (x86)\Yarn\lib\cli.js:315:13

npm manifest: 
  {
    "name": "wangyi-electron-app",
    "version": "0.0.1",
    "author": "'zanezeng' <z759249314@126.com>",
    "description": "An electron-vue project",
    "license": null,
    "main": "./dist/electron/main.js",
    "scripts": {
      "build": "node .electron-vue/build.js && electron-builder",
      "build:dir": "node .electron-vue/build.js && electron-builder --dir",
      "build:clean": "cross-env BUILD_TARGET=clean node .electron-vue/build.js",
      "build:web": "cross-env BUILD_TARGET=web node .electron-vue/build.js",
      "dev": "node .electron-vue/dev-runner.js",
      "pack": "npm run pack:main && npm run pack:renderer",
      "pack:main": "cross-env NODE_ENV=production webpack --progress --colors --config .electron-vue/webpack.main.config.js",
      "pack:renderer": "cross-env NODE_ENV=production webpack --progress --colors --config .electron-vue/webpack.renderer.config.js",
      "postinstall": ""
    },
    "build": {
      "productName": "wangyi-electron-app",
      "appId": "com.example.yourapp",
      "directories": {
        "output": "build"
      },
      "files": [
        "dist/electron/**/*"
      ],
      "dmg": {
        "contents": [
          {
            "x": 410,
            "y": 150,
            "type": "link",
            "path": "/Applications"
          },
          {
            "x": 130,
            "y": 150,
            "type": "file"
          }
        ]
      },
      "mac": {
        "icon": "build/icons/icon.icns"
      },
      "win": {
        "icon": "build/icons/icon.ico"
      },
      "linux": {
        "icon": "build/icons"
      }
    },
    "dependencies": {
      "vue": "^2.5.16",
      "axios": "^0.18.0",
      "vue-electron": "^1.0.6",
      "vue-router": "^3.0.1",
      "vuex": "^3.0.1",
      "vuex-electron": "^1.0.0",
    },
    "devDependencies": {
      "ajv": "^6.5.0",
      "babel-core": "^6.26.3",
      "babel-loader": "^7.1.4",
      "babel-plugin-transform-runtime": "^6.23.0",
      "babel-preset-env": "^1.7.0",
      "babel-preset-stage-0": "^6.24.1",
      "babel-register": "^6.26.0",
      "babel-minify-webpack-plugin": "^0.3.1",
      "cfonts": "^2.1.2",
      "chalk": "^2.4.1",
      "copy-webpack-plugin": "^4.5.1",
      "cross-env": "^5.1.6",
      "css-loader": "^0.28.11",
      "del": "^3.0.0",
      "devtron": "^1.4.0",
      "electron": "^2.0.4",
      "electron-debug": "^1.5.0",
      "electron-devtools-installer": "^2.2.4",
      "electron-builder": "^20.19.2",
      "mini-css-extract-plugin": "0.4.0",
      "file-loader": "^1.1.11",
      "html-webpack-plugin": "^3.2.0",
      "multispinner": "^0.2.1",
      "node-loader": "^0.6.0",
      "node-sass": "^4.9.2",
      "sass-loader": "^7.0.3",
      "style-loader": "^0.21.0",
      "url-loader": "^1.0.1",
      "vue-html-loader": "^1.2.4",
      "vue-loader": "^15.2.4",
      "vue-style-loader": "^4.1.0",
      "vue-template-compiler": "^2.5.16",
      "webpack-cli": "^3.0.8",
      "webpack": "^4.15.1",
      "webpack-dev-server": "^3.1.4",
      "webpack-hot-middleware": "^2.22.2",
      "webpack-merge": "^4.1.3",
      "apicache": "^1.5.2",
      "express": "^4.17.1",
      "pac-proxy-agent": "^3.0.1",
      "request": "^2.88.0",
      "husky": "^3.0.9",
      "intelli-espower-loader": "^1.0.1",
      "lint-staged": "^9.4.2",
      "mocha": "^6.2.2",
      "power-assert": "^1.6.1"
    }
  }

yarn manifest: 
  No manifest

Lockfile: 
  No lockfile
